********************************************************************************
DUPLICATOR-LITE PACKAGE-LOG: 21 November 2018 18 h 07 min
NOTICE: Do NOT post to public sites or forums 
********************************************************************************
VERSION:	1.2.52
WORDPRESS:	4.9.8
PHP INFO:	7.0.32 | SAPI: fpm-fcgi
SERVER:		Apache 
PHP TIME LIMIT: (0) no time limit imposed 
PHP MAX MEMORY: 2048M (512M default) 
MEMORY STACK: 4MB 

********************************************************************************
DATABASE:
********************************************************************************
BUILD MODE:   MYSQLDUMP
MYSQLTIMEOUT: 5000
MYSQLDUMP:    Is Supported 
FILTERED: [] 
RESPONSE: Ran from /usr/bin/mysqldump 
TABLES: total:54 | filtered:0 | create:54 
SQL CREATED: 20181121_thetitime_df6777fed9c633b77174_20181121180738_database.sql 
SQL FILE SIZE: 4.58MB (4803366) 
SQL FILE TIME: 2018-11-21 18:07:46 
SQL RUNTIME: 0.28 sec. 

******************************************************************************** 
ARCHIVE (ZIP): 
******************************************************************************** 
ARCHIVE DIR:  /home/thetitimbv/www 
ARCHIVE FILE: 20181121_thetitime_df6777fed9c633b77174_20181121180738_archive.zip 
FILTERS: *ON* 
DIRS:
	/home/thetitimbv/www/.git/objects/0f
	/home/thetitimbv/www/.git/objects/1b
	/home/thetitimbv/www/.git/objects/52
	/home/thetitimbv/www/.git/objects/d2
	/home/thetitimbv/www/.git/objects/d9
	/home/thetitimbv/www/.git/objects/eb
	/home/thetitimbv/www/.git/objects/ec 
FILES:
	not set 
EXTS:  not set 
---------------------------------------- 
COMPRESSING 
SIZE:	0B 
STATS:	Dirs 0 | Files 0 
SQL ADDED: 20181121_thetitime_df6777fed9c633b77174_20181121180738_database.sql 
ZipArchive Object
(
    [status] => 0
    [statusSys] => 0
    [numFiles] => 1
    [filename] => /home/thetitimbv/www/wp-snapshots/tmp/20181121_thetitime_df6777fed9c633b77174_20181121180738_archive.zip
    [comment] => 
)
 
COMPRESSION RESULT: '1' 
COMPRESSED SIZE: 483.24KB 
ARCHIVE RUNTIME: 0.20 sec. 
MEMORY STACK: 4MB 

******************************************************************************** 
MAKE INSTALLER: 
******************************************************************************** 
Build Start 
Build Finished 
Preparing for use 
PACK SIZE:  
Template parsed with new data 
Complete [/home/thetitimbv/www/wp-snapshots/tmp/20181121_thetitime_df6777fed9c633b77174_20181121180738_installer.php] 
Added to archive 

******************************************************************************** 
INTEGRITY CHECKS: 
******************************************************************************** 
SQL File: 4.58MB 
Installer File: 514.13KB 
Archive File: 483.24KB  

********************************************************************************
RECORD ID:[9]
TOTAL PROCESS RUNTIME: 0.67 sec.
PEAK PHP MEMORY USED: 6MB
DONE PROCESSING => 20181121_thetitime 21 November 2018 18 h 07 min
 
